2024-10-14 13:58:16,000 [analyzer] DEBUG: Starting analyzer from: C:\tmp564etj
2024-10-14 13:58:16,015 [analyzer] DEBUG: Pipe server name: \??\PIPE\uyclVxQFdAkXBdmeFQX
2024-10-14 13:58:16,015 [analyzer] DEBUG: Log pipe server name: \??\PIPE\AbAlDvVkwEuQZixDKjbfDIREqrQ
2024-10-14 13:58:16,265 [analyzer] DEBUG: Started auxiliary module Curtain
2024-10-14 13:58:16,265 [analyzer] DEBUG: Started auxiliary module DbgView
2024-10-14 13:58:16,733 [analyzer] DEBUG: Started auxiliary module Disguise
2024-10-14 13:58:16,937 [analyzer] DEBUG: Loaded monitor into process with pid 508
2024-10-14 13:58:16,937 [analyzer] DEBUG: Started auxiliary module DumpTLSMasterSecrets
2024-10-14 13:58:16,937 [analyzer] DEBUG: Started auxiliary module Human
2024-10-14 13:58:16,937 [analyzer] DEBUG: Started auxiliary module InstallCertificate
2024-10-14 13:58:16,937 [analyzer] DEBUG: Started auxiliary module Reboot
2024-10-14 13:58:16,983 [analyzer] DEBUG: Started auxiliary module RecentFiles
2024-10-14 13:58:16,983 [analyzer] DEBUG: Started auxiliary module Screenshots
2024-10-14 13:58:17,000 [analyzer] DEBUG: Started auxiliary module Sysmon
2024-10-14 13:58:17,000 [analyzer] DEBUG: Started auxiliary module LoadZer0m0n
2024-10-14 13:58:17,125 [lib.api.process] INFO: Successfully executed process from path u'C:\\Users\\ADMINI~1\\AppData\\Local\\Temp\\1b3ee0274ae0ac0b83dba7f95f00e2381a5d3596d136eb1fac842a07d8d25262.exe' with arguments '' and pid 948
2024-10-14 13:58:17,328 [analyzer] DEBUG: Loaded monitor into process with pid 948
2024-10-14 13:58:17,437 [lib.api.process] ERROR: Failed to dump memory of 32-bit process with pid 948.
2024-10-14 13:58:18,140 [analyzer] INFO: Process with pid 948 has terminated
2024-10-14 13:58:18,140 [analyzer] INFO: Process list is empty, terminating analysis.
2024-10-14 13:58:19,421 [analyzer] INFO: Terminating remaining processes before shutdown.
2024-10-14 13:58:19,421 [analyzer] INFO: Analysis completed.
