2024-10-14 17:08:18,102 [cuckoo.core.scheduler] DEBUG: Task #5291032: no machine available yet
2024-10-14 17:08:19,166 [cuckoo.core.scheduler] DEBUG: Task #5291032: no machine available yet
2024-10-14 17:08:20,442 [cuckoo.core.scheduler] DEBUG: Task #5291032: no machine available yet
2024-10-14 17:08:21,522 [cuckoo.core.scheduler] DEBUG: Task #5291032: no machine available yet
2024-10-14 17:08:22,602 [cuckoo.core.scheduler] INFO: Task #5291032: acquired machine win7x6419 (label=win7x6419)
2024-10-14 17:08:22,603 [cuckoo.core.resultserver] DEBUG: Now tracking machine 192.168.168.219 for task #5291032
2024-10-14 17:08:23,401 [cuckoo.auxiliary.sniffer] INFO: Started sniffer with PID 1949348 (interface=vboxnet0, host=192.168.168.219)
2024-10-14 17:08:24,147 [cuckoo.machinery.virtualbox] DEBUG: Starting vm win7x6419
2024-10-14 17:08:25,387 [cuckoo.machinery.virtualbox] DEBUG: Restoring virtual machine win7x6419 to vmcloak
2024-10-14 17:10:27,547 [cuckoo.core.guest] INFO: Starting analysis #5291032 on guest (id=win7x6419, ip=192.168.168.219)
2024-10-14 17:10:28,553 [cuckoo.core.guest] DEBUG: win7x6419: not ready yet
2024-10-14 17:10:33,583 [cuckoo.core.guest] INFO: Guest is running Cuckoo Agent 0.10 (id=win7x6419, ip=192.168.168.219)
2024-10-14 17:10:33,690 [cuckoo.core.guest] DEBUG: Uploading analyzer to guest (id=win7x6419, ip=192.168.168.219, monitor=latest, size=6660546)
2024-10-14 17:10:35,704 [cuckoo.core.resultserver] DEBUG: Task #5291032: live log analysis.log initialized.
2024-10-14 17:10:36,596 [cuckoo.core.resultserver] DEBUG: Task #5291032 is sending a BSON stream
2024-10-14 17:10:36,963 [cuckoo.core.resultserver] DEBUG: Task #5291032 is sending a BSON stream
2024-10-14 17:10:37,862 [cuckoo.core.resultserver] DEBUG: Task #5291032: File upload for 'shots/0001.jpg'
2024-10-14 17:10:37,882 [cuckoo.core.resultserver] DEBUG: Task #5291032 uploaded file length: 133601
2024-10-14 17:10:38,974 [cuckoo.core.resultserver] DEBUG: Task #5291032: File upload for 'curtain/1728907099.25.curtain.log'
2024-10-14 17:10:38,977 [cuckoo.core.resultserver] DEBUG: Task #5291032 uploaded file length: 36
2024-10-14 17:10:39,136 [cuckoo.core.resultserver] DEBUG: Task #5291032: File upload for 'sysmon/1728907099.41.sysmon.xml'
2024-10-14 17:10:39,145 [cuckoo.core.resultserver] DEBUG: Task #5291032 uploaded file length: 462392
2024-10-14 17:10:39,935 [cuckoo.core.resultserver] DEBUG: Task #5291032 had connection reset for <Context for LOG>
2024-10-14 17:10:41,323 [cuckoo.core.guest] INFO: win7x6419: analysis completed successfully
2024-10-14 17:10:41,339 [cuckoo.core.plugins] DEBUG: Stopped auxiliary module: Redsocks
2024-10-14 17:10:41,364 [cuckoo.core.plugins] DEBUG: Stopped auxiliary module: Sniffer
2024-10-14 17:10:42,874 [cuckoo.machinery.virtualbox] INFO: Successfully generated memory dump for virtual machine with label win7x6419 to path /srv/cuckoo/cwd/storage/analyses/5291032/memory.dmp
2024-10-14 17:10:42,876 [cuckoo.machinery.virtualbox] DEBUG: Stopping vm win7x6419
2024-10-14 17:14:13,545 [cuckoo.core.resultserver] DEBUG: Stopped tracking machine 192.168.168.219 for task #5291032
2024-10-14 17:14:14,725 [cuckoo.core.scheduler] DEBUG: Released database task #5291032
2024-10-14 17:14:25,283 [cuckoo.core.scheduler] INFO: Task #5291032: analysis procedure completed
