2024-10-14 17:09:21,395 [cuckoo.core.scheduler] DEBUG: Task #5291038: no machine available yet
2024-10-14 17:09:22,584 [cuckoo.core.scheduler] DEBUG: Task #5291038: no machine available yet
2024-10-14 17:09:23,606 [cuckoo.core.scheduler] DEBUG: Task #5291038: no machine available yet
2024-10-14 17:09:24,629 [cuckoo.core.scheduler] DEBUG: Task #5291038: no machine available yet
2024-10-14 17:09:25,660 [cuckoo.core.scheduler] DEBUG: Task #5291038: no machine available yet
2024-10-14 17:09:26,690 [cuckoo.core.scheduler] DEBUG: Task #5291038: no machine available yet
2024-10-14 17:09:27,879 [cuckoo.core.scheduler] DEBUG: Task #5291038: no machine available yet
2024-10-14 17:09:28,934 [cuckoo.core.scheduler] DEBUG: Task #5291038: no machine available yet
2024-10-14 17:09:30,235 [cuckoo.core.scheduler] DEBUG: Task #5291038: no machine available yet
2024-10-14 17:09:31,504 [cuckoo.core.scheduler] DEBUG: Task #5291038: no machine available yet
2024-10-14 17:09:32,868 [cuckoo.core.scheduler] DEBUG: Task #5291038: no machine available yet
2024-10-14 17:09:33,894 [cuckoo.core.scheduler] DEBUG: Task #5291038: no machine available yet
2024-10-14 17:09:35,074 [cuckoo.core.scheduler] DEBUG: Task #5291038: no machine available yet
2024-10-14 17:09:36,096 [cuckoo.core.scheduler] DEBUG: Task #5291038: no machine available yet
2024-10-14 17:09:37,210 [cuckoo.core.scheduler] DEBUG: Task #5291038: no machine available yet
2024-10-14 17:09:38,236 [cuckoo.core.scheduler] DEBUG: Task #5291038: no machine available yet
2024-10-14 17:09:39,469 [cuckoo.core.scheduler] DEBUG: Task #5291038: no machine available yet
2024-10-14 17:09:40,754 [cuckoo.core.scheduler] DEBUG: Task #5291038: no machine available yet
2024-10-14 17:09:41,804 [cuckoo.core.scheduler] INFO: Task #5291038: acquired machine win7x645 (label=win7x645)
2024-10-14 17:09:41,805 [cuckoo.core.resultserver] DEBUG: Now tracking machine 192.168.168.205 for task #5291038
2024-10-14 17:09:42,611 [cuckoo.auxiliary.sniffer] INFO: Started sniffer with PID 1952488 (interface=vboxnet0, host=192.168.168.205)
2024-10-14 17:09:43,202 [cuckoo.machinery.virtualbox] DEBUG: Starting vm win7x645
2024-10-14 17:09:44,287 [cuckoo.machinery.virtualbox] DEBUG: Restoring virtual machine win7x645 to vmcloak
2024-10-14 17:12:57,258 [cuckoo.core.guest] INFO: Starting analysis #5291038 on guest (id=win7x645, ip=192.168.168.205)
2024-10-14 17:12:58,267 [cuckoo.core.guest] DEBUG: win7x645: not ready yet
2024-10-14 17:13:03,292 [cuckoo.core.guest] INFO: Guest is running Cuckoo Agent 0.10 (id=win7x645, ip=192.168.168.205)
2024-10-14 17:13:03,377 [cuckoo.core.guest] DEBUG: Uploading analyzer to guest (id=win7x645, ip=192.168.168.205, monitor=latest, size=6660546)
2024-10-14 17:13:04,655 [cuckoo.core.resultserver] DEBUG: Task #5291038: live log analysis.log initialized.
2024-10-14 17:13:05,631 [cuckoo.core.resultserver] DEBUG: Task #5291038 is sending a BSON stream
2024-10-14 17:13:06,865 [cuckoo.core.resultserver] DEBUG: Task #5291038: File upload for 'shots/0001.jpg'
2024-10-14 17:13:06,889 [cuckoo.core.resultserver] DEBUG: Task #5291038 uploaded file length: 133525
2024-10-14 17:13:07,281 [cuckoo.core.guest] WARNING: win7x645: analysis #5291038 caught an exception
Traceback (most recent call last):
  File "C:/tmpwwr_kc/analyzer.py", line 824, in <module>
    success = analyzer.run()
  File "C:/tmpwwr_kc/analyzer.py", line 673, in run
    pids = self.package.start(self.target)
  File "C:\tmpwwr_kc\modules\packages\exe.py", line 34, in start
    return self.execute(path, args=shlex.split(args))
  File "C:\tmpwwr_kc\lib\common\abstracts.py", line 205, in execute
    "Unable to execute the initial process, analysis aborted."
CuckooPackageError: Unable to execute the initial process, analysis aborted.

2024-10-14 17:13:07,292 [cuckoo.core.plugins] DEBUG: Stopped auxiliary module: Redsocks
2024-10-14 17:13:07,318 [cuckoo.core.plugins] DEBUG: Stopped auxiliary module: Sniffer
2024-10-14 17:13:08,865 [cuckoo.machinery.virtualbox] INFO: Successfully generated memory dump for virtual machine with label win7x645 to path /srv/cuckoo/cwd/storage/analyses/5291038/memory.dmp
2024-10-14 17:13:08,867 [cuckoo.machinery.virtualbox] DEBUG: Stopping vm win7x645
2024-10-14 17:15:22,826 [cuckoo.core.resultserver] DEBUG: Stopped tracking machine 192.168.168.205 for task #5291038
2024-10-14 17:15:22,826 [cuckoo.core.resultserver] DEBUG: Cancel <Context for LOG> for task 5291038
2024-10-14 17:15:23,179 [cuckoo.core.scheduler] DEBUG: Released database task #5291038
2024-10-14 17:15:23,199 [cuckoo.core.scheduler] INFO: Task #5291038: analysis procedure completed
