2024-10-14 17:08:25,992 [cuckoo.core.scheduler] DEBUG: Task #5291033: no machine available yet
2024-10-14 17:08:27,026 [cuckoo.core.scheduler] DEBUG: Task #5291033: no machine available yet
2024-10-14 17:08:28,110 [cuckoo.core.scheduler] DEBUG: Task #5291033: no machine available yet
2024-10-14 17:08:29,160 [cuckoo.core.scheduler] DEBUG: Task #5291033: no machine available yet
2024-10-14 17:08:30,237 [cuckoo.core.scheduler] DEBUG: Task #5291033: no machine available yet
2024-10-14 17:08:31,309 [cuckoo.core.scheduler] DEBUG: Task #5291033: no machine available yet
2024-10-14 17:08:32,602 [cuckoo.core.scheduler] DEBUG: Task #5291033: no machine available yet
2024-10-14 17:08:33,917 [cuckoo.core.scheduler] DEBUG: Task #5291033: no machine available yet
2024-10-14 17:08:35,526 [cuckoo.core.scheduler] DEBUG: Task #5291033: no machine available yet
2024-10-14 17:08:36,820 [cuckoo.core.scheduler] DEBUG: Task #5291033: no machine available yet
2024-10-14 17:08:37,856 [cuckoo.core.scheduler] DEBUG: Task #5291033: no machine available yet
2024-10-14 17:08:38,878 [cuckoo.core.scheduler] DEBUG: Task #5291033: no machine available yet
2024-10-14 17:08:39,961 [cuckoo.core.scheduler] DEBUG: Task #5291033: no machine available yet
2024-10-14 17:08:40,992 [cuckoo.core.scheduler] DEBUG: Task #5291033: no machine available yet
2024-10-14 17:08:42,029 [cuckoo.core.scheduler] DEBUG: Task #5291033: no machine available yet
2024-10-14 17:08:43,066 [cuckoo.core.scheduler] DEBUG: Task #5291033: no machine available yet
2024-10-14 17:08:44,098 [cuckoo.core.scheduler] DEBUG: Task #5291033: no machine available yet
2024-10-14 17:08:45,132 [cuckoo.core.scheduler] DEBUG: Task #5291033: no machine available yet
2024-10-14 17:08:46,165 [cuckoo.core.scheduler] DEBUG: Task #5291033: no machine available yet
2024-10-14 17:08:47,750 [cuckoo.core.scheduler] DEBUG: Task #5291033: no machine available yet
2024-10-14 17:08:48,807 [cuckoo.core.scheduler] DEBUG: Task #5291033: no machine available yet
2024-10-14 17:08:49,874 [cuckoo.core.scheduler] DEBUG: Task #5291033: no machine available yet
2024-10-14 17:08:50,938 [cuckoo.core.scheduler] DEBUG: Task #5291033: no machine available yet
2024-10-14 17:08:52,063 [cuckoo.core.scheduler] DEBUG: Task #5291033: no machine available yet
2024-10-14 17:08:53,381 [cuckoo.core.scheduler] DEBUG: Task #5291033: no machine available yet
2024-10-14 17:08:54,431 [cuckoo.core.scheduler] DEBUG: Task #5291033: no machine available yet
2024-10-14 17:08:55,478 [cuckoo.core.scheduler] DEBUG: Task #5291033: no machine available yet
2024-10-14 17:08:56,539 [cuckoo.core.scheduler] DEBUG: Task #5291033: no machine available yet
2024-10-14 17:08:57,731 [cuckoo.core.scheduler] DEBUG: Task #5291033: no machine available yet
2024-10-14 17:08:58,793 [cuckoo.core.scheduler] DEBUG: Task #5291033: no machine available yet
2024-10-14 17:08:59,932 [cuckoo.core.scheduler] DEBUG: Task #5291033: no machine available yet
2024-10-14 17:09:00,985 [cuckoo.core.scheduler] INFO: Task #5291033: acquired machine win7x6420 (label=win7x6420)
2024-10-14 17:09:00,988 [cuckoo.core.resultserver] DEBUG: Now tracking machine 192.168.168.220 for task #5291033
2024-10-14 17:09:01,593 [cuckoo.auxiliary.sniffer] INFO: Started sniffer with PID 1950875 (interface=vboxnet0, host=192.168.168.220)
2024-10-14 17:09:01,970 [cuckoo.machinery.virtualbox] DEBUG: Starting vm win7x6420
2024-10-14 17:09:03,040 [cuckoo.machinery.virtualbox] DEBUG: Restoring virtual machine win7x6420 to vmcloak
2024-10-14 17:11:57,491 [cuckoo.core.guest] INFO: Starting analysis #5291033 on guest (id=win7x6420, ip=192.168.168.220)
2024-10-14 17:11:58,497 [cuckoo.core.guest] DEBUG: win7x6420: not ready yet
2024-10-14 17:12:03,533 [cuckoo.core.guest] INFO: Guest is running Cuckoo Agent 0.10 (id=win7x6420, ip=192.168.168.220)
2024-10-14 17:12:03,613 [cuckoo.core.guest] DEBUG: Uploading analyzer to guest (id=win7x6420, ip=192.168.168.220, monitor=latest, size=6660546)
2024-10-14 17:12:05,096 [cuckoo.core.resultserver] DEBUG: Task #5291033: live log analysis.log initialized.
2024-10-14 17:12:05,988 [cuckoo.core.resultserver] DEBUG: Task #5291033 is sending a BSON stream
2024-10-14 17:12:06,254 [cuckoo.core.resultserver] DEBUG: Task #5291033 is sending a BSON stream
2024-10-14 17:12:06,896 [cuckoo.core.resultserver] DEBUG: Task #5291033 is sending a BSON stream
2024-10-14 17:12:06,929 [cuckoo.core.resultserver] DEBUG: Task #5291033 is sending a BSON stream
2024-10-14 17:12:06,995 [cuckoo.core.resultserver] DEBUG: Task #5291033: File upload for 'files/1cc1a6f131617e0a_1cc1a6f131617e0a15380e327e96d903ba4512dca45b63b9a456751495ede76c.exe'
2024-10-14 17:12:06,998 [cuckoo.core.resultserver] DEBUG: Task #5291033 uploaded file length: 20314
2024-10-14 17:12:07,124 [cuckoo.core.resultserver] DEBUG: Task #5291033: File upload for 'shots/0001.jpg'
2024-10-14 17:12:07,141 [cuckoo.core.resultserver] DEBUG: Task #5291033 uploaded file length: 133496
2024-10-14 17:12:19,753 [cuckoo.core.guest] DEBUG: win7x6420: analysis #5291033 still processing
2024-10-14 17:12:35,581 [cuckoo.core.guest] DEBUG: win7x6420: analysis #5291033 still processing
2024-10-14 17:12:50,839 [cuckoo.core.guest] DEBUG: win7x6420: analysis #5291033 still processing
2024-10-14 17:13:05,981 [cuckoo.core.guest] DEBUG: win7x6420: analysis #5291033 still processing
2024-10-14 17:13:21,343 [cuckoo.core.guest] DEBUG: win7x6420: analysis #5291033 still processing
2024-10-14 17:13:36,827 [cuckoo.core.guest] DEBUG: win7x6420: analysis #5291033 still processing
2024-10-14 17:13:52,133 [cuckoo.core.guest] DEBUG: win7x6420: analysis #5291033 still processing
2024-10-14 17:14:07,370 [cuckoo.core.guest] DEBUG: win7x6420: analysis #5291033 still processing
2024-10-14 17:14:22,716 [cuckoo.core.guest] DEBUG: win7x6420: analysis #5291033 still processing
2024-10-14 17:14:38,181 [cuckoo.core.guest] DEBUG: win7x6420: analysis #5291033 still processing
2024-10-14 17:14:53,594 [cuckoo.core.guest] DEBUG: win7x6420: analysis #5291033 still processing
2024-10-14 17:15:08,771 [cuckoo.core.guest] DEBUG: win7x6420: analysis #5291033 still processing
2024-10-14 17:15:24,022 [cuckoo.core.guest] DEBUG: win7x6420: analysis #5291033 still processing
2024-10-14 17:15:39,581 [cuckoo.core.guest] DEBUG: win7x6420: analysis #5291033 still processing
2024-10-14 17:15:55,059 [cuckoo.core.guest] DEBUG: win7x6420: analysis #5291033 still processing
2024-10-14 17:16:10,499 [cuckoo.core.guest] DEBUG: win7x6420: analysis #5291033 still processing
2024-10-14 17:16:25,600 [cuckoo.core.guest] DEBUG: win7x6420: analysis #5291033 still processing
2024-10-14 17:16:40,769 [cuckoo.core.guest] DEBUG: win7x6420: analysis #5291033 still processing
2024-10-14 17:16:55,883 [cuckoo.core.guest] DEBUG: win7x6420: analysis #5291033 still processing
2024-10-14 17:17:05,478 [cuckoo.core.resultserver] DEBUG: Task #5291033: File upload for 'curtain/1728915425.47.curtain.log'
2024-10-14 17:17:05,481 [cuckoo.core.resultserver] DEBUG: Task #5291033 uploaded file length: 36
2024-10-14 17:17:07,007 [cuckoo.core.resultserver] DEBUG: Task #5291033: File upload for 'sysmon/1728915427.0.sysmon.xml'
2024-10-14 17:17:07,857 [cuckoo.core.resultserver] DEBUG: Task #5291033 uploaded file length: 25628158
2024-10-14 17:17:07,902 [cuckoo.core.resultserver] DEBUG: Task #5291033 had connection reset for <Context for LOG>
2024-10-14 17:17:07,942 [cuckoo.core.guest] INFO: win7x6420: analysis completed successfully
2024-10-14 17:17:07,956 [cuckoo.core.plugins] DEBUG: Stopped auxiliary module: Redsocks
2024-10-14 17:17:07,982 [cuckoo.core.plugins] DEBUG: Stopped auxiliary module: Sniffer
2024-10-14 17:17:09,447 [cuckoo.machinery.virtualbox] INFO: Successfully generated memory dump for virtual machine with label win7x6420 to path /srv/cuckoo/cwd/storage/analyses/5291033/memory.dmp
2024-10-14 17:17:09,449 [cuckoo.machinery.virtualbox] DEBUG: Stopping vm win7x6420
2024-10-14 17:18:12,172 [cuckoo.core.resultserver] DEBUG: Stopped tracking machine 192.168.168.220 for task #5291033
2024-10-14 17:18:17,142 [cuckoo.core.scheduler] DEBUG: Released database task #5291033
2024-10-14 17:18:30,487 [cuckoo.core.scheduler] INFO: Task #5291033: analysis procedure completed
