2024-10-14 13:58:16,000 [analyzer] DEBUG: Starting analyzer from: C:\tmpmdfut4
2024-10-14 13:58:16,015 [analyzer] DEBUG: Pipe server name: \??\PIPE\SWPeCfsmtBAZDikiaSyRqJCocPFoT
2024-10-14 13:58:16,015 [analyzer] DEBUG: Log pipe server name: \??\PIPE\aFEcEjifZOTRbTzfsZUOAJNsheh
2024-10-14 13:58:16,280 [analyzer] DEBUG: Started auxiliary module Curtain
2024-10-14 13:58:16,280 [analyzer] DEBUG: Started auxiliary module DbgView
2024-10-14 13:58:16,750 [analyzer] DEBUG: Started auxiliary module Disguise
2024-10-14 13:58:16,967 [analyzer] DEBUG: Loaded monitor into process with pid 504
2024-10-14 13:58:16,967 [analyzer] DEBUG: Started auxiliary module DumpTLSMasterSecrets
2024-10-14 13:58:16,967 [analyzer] DEBUG: Started auxiliary module Human
2024-10-14 13:58:16,967 [analyzer] DEBUG: Started auxiliary module InstallCertificate
2024-10-14 13:58:16,967 [analyzer] DEBUG: Started auxiliary module Reboot
2024-10-14 13:58:17,092 [analyzer] DEBUG: Started auxiliary module RecentFiles
2024-10-14 13:58:17,092 [analyzer] DEBUG: Started auxiliary module Screenshots
2024-10-14 13:58:17,092 [analyzer] DEBUG: Started auxiliary module Sysmon
2024-10-14 13:58:17,108 [analyzer] DEBUG: Started auxiliary module LoadZer0m0n
2024-10-14 13:58:17,233 [lib.api.process] INFO: Successfully executed process from path u'C:\\Users\\ADMINI~1\\AppData\\Local\\Temp\\6bb764f3a5ca57f9bcc72aa0c34dab64e870e22c6400f6b3f62d5986104dc68f.exe' with arguments '' and pid 2848
2024-10-14 13:58:17,453 [analyzer] DEBUG: Loaded monitor into process with pid 2848
2024-10-14 13:58:21,717 [analyzer] INFO: Added new file to list with pid 2848 and path C:\Users\Administrator\AppData\LocalLow\Microsoft\CryptnetUrlCache\MetaData\2D85F72862B55C4EADD9E66E06947F3D
2024-10-14 13:58:21,717 [analyzer] INFO: Added new file to list with pid 2848 and path C:\Users\Administrator\AppData\LocalLow\Microsoft\CryptnetUrlCache\Content\2D85F72862B55C4EADD9E66E06947F3D
2024-10-14 13:58:21,937 [analyzer] INFO: Added new file to list with pid 2848 and path C:\Users\Administrator\AppData\LocalLow\Microsoft\CryptnetUrlCache\MetaData\94308059B57B3142E455B38A6EB92015
2024-10-14 13:58:21,937 [analyzer] INFO: Added new file to list with pid 2848 and path C:\Users\Administrator\AppData\LocalLow\Microsoft\CryptnetUrlCache\Content\94308059B57B3142E455B38A6EB92015
2024-10-14 16:17:34,805 [analyzer] INFO: Analysis timeout hit, terminating analysis.
2024-10-14 16:17:35,164 [lib.api.process] ERROR: Failed to dump memory of 32-bit process with pid 2848.
2024-10-14 16:17:37,914 [analyzer] INFO: Terminating remaining processes before shutdown.
2024-10-14 16:17:37,914 [lib.api.process] INFO: Successfully terminated process with pid 2848.
2024-10-14 16:17:37,944 [analyzer] INFO: Analysis completed.
