2024-10-14 17:09:28,533 [cuckoo.core.scheduler] DEBUG: Task #5291039: no machine available yet
2024-10-14 17:09:29,601 [cuckoo.core.scheduler] INFO: Task #5291039: acquired machine win7x644 (label=win7x644)
2024-10-14 17:09:29,602 [cuckoo.core.resultserver] DEBUG: Now tracking machine 192.168.168.204 for task #5291039
2024-10-14 17:09:30,224 [cuckoo.auxiliary.sniffer] INFO: Started sniffer with PID 1951988 (interface=vboxnet0, host=192.168.168.204)
2024-10-14 17:09:31,131 [cuckoo.machinery.virtualbox] DEBUG: Starting vm win7x644
2024-10-14 17:09:32,881 [cuckoo.machinery.virtualbox] DEBUG: Restoring virtual machine win7x644 to vmcloak
2024-10-14 17:12:27,214 [cuckoo.core.guest] INFO: Starting analysis #5291039 on guest (id=win7x644, ip=192.168.168.204)
2024-10-14 17:12:28,220 [cuckoo.core.guest] DEBUG: win7x644: not ready yet
2024-10-14 17:12:33,243 [cuckoo.core.guest] INFO: Guest is running Cuckoo Agent 0.10 (id=win7x644, ip=192.168.168.204)
2024-10-14 17:12:33,342 [cuckoo.core.guest] DEBUG: Uploading analyzer to guest (id=win7x644, ip=192.168.168.204, monitor=latest, size=6660546)
2024-10-14 17:12:34,553 [cuckoo.core.resultserver] DEBUG: Task #5291039: live log analysis.log initialized.
2024-10-14 17:12:35,469 [cuckoo.core.resultserver] DEBUG: Task #5291039 is sending a BSON stream
2024-10-14 17:12:35,980 [cuckoo.core.resultserver] DEBUG: Task #5291039 is sending a BSON stream
2024-10-14 17:12:36,857 [cuckoo.core.resultserver] DEBUG: Task #5291039: File upload for 'shots/0001.jpg'
2024-10-14 17:12:36,873 [cuckoo.core.resultserver] DEBUG: Task #5291039 uploaded file length: 133525
2024-10-14 17:12:49,263 [cuckoo.core.guest] DEBUG: win7x644: analysis #5291039 still processing
2024-10-14 17:13:04,418 [cuckoo.core.guest] DEBUG: win7x644: analysis #5291039 still processing
2024-10-14 17:13:19,791 [cuckoo.core.guest] DEBUG: win7x644: analysis #5291039 still processing
2024-10-14 17:13:35,107 [cuckoo.core.guest] DEBUG: win7x644: analysis #5291039 still processing
2024-10-14 17:13:50,677 [cuckoo.core.guest] DEBUG: win7x644: analysis #5291039 still processing
2024-10-14 17:14:06,369 [cuckoo.core.guest] DEBUG: win7x644: analysis #5291039 still processing
2024-10-14 17:14:22,164 [cuckoo.core.guest] DEBUG: win7x644: analysis #5291039 still processing
2024-10-14 17:14:38,179 [cuckoo.core.guest] DEBUG: win7x644: analysis #5291039 still processing
2024-10-14 17:14:53,578 [cuckoo.core.guest] DEBUG: win7x644: analysis #5291039 still processing
2024-10-14 17:15:08,731 [cuckoo.core.guest] DEBUG: win7x644: analysis #5291039 still processing
2024-10-14 17:15:24,021 [cuckoo.core.guest] DEBUG: win7x644: analysis #5291039 still processing
2024-10-14 17:15:39,585 [cuckoo.core.guest] DEBUG: win7x644: analysis #5291039 still processing
2024-10-14 17:15:55,059 [cuckoo.core.guest] DEBUG: win7x644: analysis #5291039 still processing
2024-10-14 17:16:10,540 [cuckoo.core.guest] DEBUG: win7x644: analysis #5291039 still processing
2024-10-14 17:16:25,680 [cuckoo.core.guest] DEBUG: win7x644: analysis #5291039 still processing
2024-10-14 17:16:40,819 [cuckoo.core.guest] DEBUG: win7x644: analysis #5291039 still processing
2024-10-14 17:16:55,930 [cuckoo.core.guest] DEBUG: win7x644: analysis #5291039 still processing
2024-10-14 17:17:11,355 [cuckoo.core.guest] DEBUG: win7x644: analysis #5291039 still processing
2024-10-14 17:17:26,498 [cuckoo.core.guest] DEBUG: win7x644: analysis #5291039 still processing
2024-10-14 17:17:35,371 [cuckoo.core.resultserver] DEBUG: Task #5291039: File upload for 'curtain/1728915455.37.curtain.log'
2024-10-14 17:17:35,379 [cuckoo.core.resultserver] DEBUG: Task #5291039 uploaded file length: 36
2024-10-14 17:17:37,472 [cuckoo.core.resultserver] DEBUG: Task #5291039: File upload for 'sysmon/1728915457.41.sysmon.xml'
2024-10-14 17:17:37,917 [cuckoo.core.resultserver] DEBUG: Task #5291039 uploaded file length: 26739772
2024-10-14 17:17:37,975 [cuckoo.core.resultserver] DEBUG: Task #5291039 had connection reset for <Context for LOG>
2024-10-14 17:17:37,978 [cuckoo.core.resultserver] DEBUG: Task #5291039: File upload for 'files/7f94ccd16f536e99_2d85f72862b55c4eadd9e66e06947f3d'
2024-10-14 17:17:37,981 [cuckoo.core.resultserver] DEBUG: Task #5291039 uploaded file length: 192
2024-10-14 17:17:37,983 [cuckoo.core.resultserver] DEBUG: Task #5291039: File upload for 'files/4dfdbf4c15788f72_94308059b57b3142e455b38a6eb92015'
2024-10-14 17:17:37,986 [cuckoo.core.resultserver] DEBUG: Task #5291039 uploaded file length: 342
2024-10-14 17:17:37,987 [cuckoo.core.resultserver] DEBUG: Task #5291039: File upload for 'files/b33efcb95235b98b_94308059b57b3142e455b38a6eb92015'
2024-10-14 17:17:37,990 [cuckoo.core.resultserver] DEBUG: Task #5291039: File upload for 'files/96bcec06264976f3_2d85f72862b55c4eadd9e66e06947f3d'
2024-10-14 17:17:37,992 [cuckoo.core.resultserver] DEBUG: Task #5291039 uploaded file length: 1391
2024-10-14 17:17:37,994 [cuckoo.core.resultserver] DEBUG: Task #5291039 uploaded file length: 71954
2024-10-14 17:17:38,677 [cuckoo.core.guest] INFO: win7x644: analysis completed successfully
2024-10-14 17:17:38,695 [cuckoo.core.plugins] DEBUG: Stopped auxiliary module: Redsocks
2024-10-14 17:17:38,728 [cuckoo.core.plugins] DEBUG: Stopped auxiliary module: Sniffer
2024-10-14 17:17:40,241 [cuckoo.machinery.virtualbox] INFO: Successfully generated memory dump for virtual machine with label win7x644 to path /srv/cuckoo/cwd/storage/analyses/5291039/memory.dmp
2024-10-14 17:17:40,242 [cuckoo.machinery.virtualbox] DEBUG: Stopping vm win7x644
2024-10-14 17:18:15,556 [cuckoo.core.resultserver] DEBUG: Stopped tracking machine 192.168.168.204 for task #5291039
2024-10-14 17:18:18,919 [cuckoo.core.scheduler] DEBUG: Released database task #5291039
2024-10-14 17:18:18,952 [cuckoo.core.scheduler] INFO: Task #5291039: analysis procedure completed
