2024-10-14 13:58:16,030 [analyzer] DEBUG: Starting analyzer from: C:\tmpj6atou
2024-10-14 13:58:16,046 [analyzer] DEBUG: Pipe server name: \??\PIPE\pgCHSsYiuTueNwzKhbpjXmfWBraOtAy
2024-10-14 13:58:16,046 [analyzer] DEBUG: Log pipe server name: \??\PIPE\WBebSSwlXVFLMsrMYOpU
2024-10-14 13:58:16,312 [analyzer] DEBUG: Started auxiliary module Curtain
2024-10-14 13:58:16,312 [analyzer] DEBUG: Started auxiliary module DbgView
2024-10-14 13:58:16,812 [analyzer] DEBUG: Started auxiliary module Disguise
2024-10-14 13:58:17,062 [analyzer] DEBUG: Loaded monitor into process with pid 504
2024-10-14 13:58:17,062 [analyzer] DEBUG: Started auxiliary module DumpTLSMasterSecrets
2024-10-14 13:58:17,062 [analyzer] DEBUG: Started auxiliary module Human
2024-10-14 13:58:17,062 [analyzer] DEBUG: Started auxiliary module InstallCertificate
2024-10-14 13:58:17,078 [analyzer] DEBUG: Started auxiliary module Reboot
2024-10-14 13:58:17,171 [analyzer] DEBUG: Started auxiliary module RecentFiles
2024-10-14 13:58:17,187 [analyzer] DEBUG: Started auxiliary module Screenshots
2024-10-14 13:58:17,187 [analyzer] DEBUG: Started auxiliary module Sysmon
2024-10-14 13:58:17,187 [analyzer] DEBUG: Started auxiliary module LoadZer0m0n
2024-10-14 13:58:17,375 [lib.api.process] INFO: Successfully executed process from path u'C:\\Users\\ADMINI~1\\AppData\\Local\\Temp\\0fbb47373b8bbefdfd9377dc26b6418d2738e6f688562885f4d2a1a049e4948e.exe' with arguments '' and pid 1484
2024-10-14 13:58:17,608 [analyzer] DEBUG: Loaded monitor into process with pid 1484
2024-10-14 16:16:00,372 [analyzer] INFO: Analysis timeout hit, terminating analysis.
2024-10-14 16:16:00,545 [lib.api.process] ERROR: Failed to dump memory of 32-bit process with pid 1484.
2024-10-14 16:16:02,686 [analyzer] INFO: Terminating remaining processes before shutdown.
2024-10-14 16:16:02,686 [lib.api.process] INFO: Successfully terminated process with pid 1484.
2024-10-14 16:16:02,686 [analyzer] INFO: Analysis completed.
