2024-10-14 13:58:16,000 [analyzer] DEBUG: Starting analyzer from: C:\tmpriinqn
2024-10-14 13:58:16,015 [analyzer] DEBUG: Pipe server name: \??\PIPE\ooEpBTlkfGLoJbsXYx
2024-10-14 13:58:16,015 [analyzer] DEBUG: Log pipe server name: \??\PIPE\mlzCSEgvQROxqLJeKxApmR
2024-10-14 13:58:16,328 [analyzer] DEBUG: Started auxiliary module Curtain
2024-10-14 13:58:16,328 [analyzer] DEBUG: Started auxiliary module DbgView
2024-10-14 13:58:16,842 [analyzer] DEBUG: Started auxiliary module Disguise
2024-10-14 13:58:17,062 [analyzer] DEBUG: Loaded monitor into process with pid 512
2024-10-14 13:58:17,062 [analyzer] DEBUG: Started auxiliary module DumpTLSMasterSecrets
2024-10-14 13:58:17,062 [analyzer] DEBUG: Started auxiliary module Human
2024-10-14 13:58:17,062 [analyzer] DEBUG: Started auxiliary module InstallCertificate
2024-10-14 13:58:17,062 [analyzer] DEBUG: Started auxiliary module Reboot
2024-10-14 13:58:17,155 [analyzer] DEBUG: Started auxiliary module RecentFiles
2024-10-14 13:58:17,155 [analyzer] DEBUG: Started auxiliary module Screenshots
2024-10-14 13:58:17,155 [analyzer] DEBUG: Started auxiliary module Sysmon
2024-10-14 13:58:17,171 [analyzer] DEBUG: Started auxiliary module LoadZer0m0n
2024-10-14 13:58:17,312 [lib.api.process] INFO: Successfully executed process from path u'C:\\Users\\ADMINI~1\\AppData\\Local\\Temp\\1a6a112fa17b49e57ce20abf787054d86f7ec0b52c7728c869db2ff287708e74.exe' with arguments '' and pid 2364
2024-10-14 13:58:17,562 [analyzer] DEBUG: Loaded monitor into process with pid 2364
2024-10-14 13:58:17,640 [lib.api.process] ERROR: Failed to dump memory of 32-bit process with pid 2364.
2024-10-14 13:58:18,312 [analyzer] INFO: Process with pid 2364 has terminated
2024-10-14 13:58:18,312 [analyzer] INFO: Process list is empty, terminating analysis.
2024-10-14 13:58:19,592 [analyzer] INFO: Terminating remaining processes before shutdown.
2024-10-14 13:58:19,592 [analyzer] INFO: Analysis completed.
