2024-10-14 17:07:56,969 [cuckoo.core.scheduler] DEBUG: Task #5291031: no machine available yet
2024-10-14 17:07:58,218 [cuckoo.core.scheduler] DEBUG: Task #5291031: no machine available yet
2024-10-14 17:07:59,358 [cuckoo.core.scheduler] DEBUG: Task #5291031: no machine available yet
2024-10-14 17:08:00,398 [cuckoo.core.scheduler] DEBUG: Task #5291031: no machine available yet
2024-10-14 17:08:01,447 [cuckoo.core.scheduler] DEBUG: Task #5291031: no machine available yet
2024-10-14 17:08:02,478 [cuckoo.core.scheduler] DEBUG: Task #5291031: no machine available yet
2024-10-14 17:08:03,524 [cuckoo.core.scheduler] DEBUG: Task #5291031: no machine available yet
2024-10-14 17:08:04,752 [cuckoo.core.scheduler] DEBUG: Task #5291031: no machine available yet
2024-10-14 17:08:05,824 [cuckoo.core.scheduler] DEBUG: Task #5291031: no machine available yet
2024-10-14 17:08:06,886 [cuckoo.core.scheduler] DEBUG: Task #5291031: no machine available yet
2024-10-14 17:08:07,949 [cuckoo.core.scheduler] DEBUG: Task #5291031: no machine available yet
2024-10-14 17:08:08,997 [cuckoo.core.scheduler] DEBUG: Task #5291031: no machine available yet
2024-10-14 17:08:10,065 [cuckoo.core.scheduler] DEBUG: Task #5291031: no machine available yet
2024-10-14 17:08:11,115 [cuckoo.core.scheduler] DEBUG: Task #5291031: no machine available yet
2024-10-14 17:08:12,178 [cuckoo.core.scheduler] DEBUG: Task #5291031: no machine available yet
2024-10-14 17:08:13,232 [cuckoo.core.scheduler] DEBUG: Task #5291031: no machine available yet
2024-10-14 17:08:14,466 [cuckoo.core.scheduler] DEBUG: Task #5291031: no machine available yet
2024-10-14 17:08:15,516 [cuckoo.core.scheduler] DEBUG: Task #5291031: no machine available yet
2024-10-14 17:08:16,573 [cuckoo.core.scheduler] DEBUG: Task #5291031: no machine available yet
2024-10-14 17:08:17,631 [cuckoo.core.scheduler] DEBUG: Task #5291031: no machine available yet
2024-10-14 17:08:18,688 [cuckoo.core.scheduler] DEBUG: Task #5291031: no machine available yet
2024-10-14 17:08:19,744 [cuckoo.core.scheduler] DEBUG: Task #5291031: no machine available yet
2024-10-14 17:08:21,062 [cuckoo.core.scheduler] DEBUG: Task #5291031: no machine available yet
2024-10-14 17:08:22,121 [cuckoo.core.scheduler] DEBUG: Task #5291031: no machine available yet
2024-10-14 17:08:23,432 [cuckoo.core.scheduler] DEBUG: Task #5291031: no machine available yet
2024-10-14 17:08:24,743 [cuckoo.core.scheduler] DEBUG: Task #5291031: no machine available yet
2024-10-14 17:08:25,950 [cuckoo.core.scheduler] DEBUG: Task #5291031: no machine available yet
2024-10-14 17:08:27,011 [cuckoo.core.scheduler] DEBUG: Task #5291031: no machine available yet
2024-10-14 17:08:28,115 [cuckoo.core.scheduler] DEBUG: Task #5291031: no machine available yet
2024-10-14 17:08:29,165 [cuckoo.core.scheduler] DEBUG: Task #5291031: no machine available yet
2024-10-14 17:08:30,229 [cuckoo.core.scheduler] DEBUG: Task #5291031: no machine available yet
2024-10-14 17:08:31,291 [cuckoo.core.scheduler] DEBUG: Task #5291031: no machine available yet
2024-10-14 17:08:32,317 [cuckoo.core.scheduler] DEBUG: Task #5291031: no machine available yet
2024-10-14 17:08:33,654 [cuckoo.core.scheduler] DEBUG: Task #5291031: no machine available yet
2024-10-14 17:08:34,939 [cuckoo.core.scheduler] INFO: Task #5291031: acquired machine win7x6426 (label=win7x6426)
2024-10-14 17:08:34,945 [cuckoo.core.resultserver] DEBUG: Now tracking machine 192.168.168.226 for task #5291031
2024-10-14 17:08:35,510 [cuckoo.auxiliary.sniffer] INFO: Started sniffer with PID 1949817 (interface=vboxnet0, host=192.168.168.226)
2024-10-14 17:08:36,848 [cuckoo.machinery.virtualbox] DEBUG: Starting vm win7x6426
2024-10-14 17:08:38,484 [cuckoo.machinery.virtualbox] DEBUG: Restoring virtual machine win7x6426 to vmcloak
2024-10-14 17:11:25,478 [cuckoo.core.guest] INFO: Starting analysis #5291031 on guest (id=win7x6426, ip=192.168.168.226)
2024-10-14 17:11:26,493 [cuckoo.core.guest] DEBUG: win7x6426: not ready yet
2024-10-14 17:11:31,522 [cuckoo.core.guest] INFO: Guest is running Cuckoo Agent 0.10 (id=win7x6426, ip=192.168.168.226)
2024-10-14 17:11:31,626 [cuckoo.core.guest] DEBUG: Uploading analyzer to guest (id=win7x6426, ip=192.168.168.226, monitor=latest, size=6660546)
2024-10-14 17:11:32,997 [cuckoo.core.resultserver] DEBUG: Task #5291031: live log analysis.log initialized.
2024-10-14 17:11:33,986 [cuckoo.core.resultserver] DEBUG: Task #5291031 is sending a BSON stream
2024-10-14 17:11:34,486 [cuckoo.core.resultserver] DEBUG: Task #5291031 is sending a BSON stream
2024-10-14 17:11:35,271 [cuckoo.core.resultserver] DEBUG: Task #5291031: File upload for 'shots/0001.jpg'
2024-10-14 17:11:35,308 [cuckoo.core.resultserver] DEBUG: Task #5291031 uploaded file length: 133406
2024-10-14 17:11:36,432 [cuckoo.core.resultserver] DEBUG: Task #5291031: File upload for 'curtain/1728907099.44.curtain.log'
2024-10-14 17:11:36,436 [cuckoo.core.resultserver] DEBUG: Task #5291031 uploaded file length: 36
2024-10-14 17:11:36,584 [cuckoo.core.resultserver] DEBUG: Task #5291031: File upload for 'sysmon/1728907099.58.sysmon.xml'
2024-10-14 17:11:36,632 [cuckoo.core.resultserver] DEBUG: Task #5291031 uploaded file length: 358840
2024-10-14 17:11:37,396 [cuckoo.core.resultserver] DEBUG: Task #5291031 had connection reset for <Context for LOG>
2024-10-14 17:11:38,566 [cuckoo.core.guest] INFO: win7x6426: analysis completed successfully
2024-10-14 17:11:38,580 [cuckoo.core.plugins] DEBUG: Stopped auxiliary module: Redsocks
2024-10-14 17:11:38,606 [cuckoo.core.plugins] DEBUG: Stopped auxiliary module: Sniffer
2024-10-14 17:11:40,305 [cuckoo.machinery.virtualbox] INFO: Successfully generated memory dump for virtual machine with label win7x6426 to path /srv/cuckoo/cwd/storage/analyses/5291031/memory.dmp
2024-10-14 17:11:40,345 [cuckoo.machinery.virtualbox] DEBUG: Stopping vm win7x6426
2024-10-14 17:14:16,286 [cuckoo.core.resultserver] DEBUG: Stopped tracking machine 192.168.168.226 for task #5291031
2024-10-14 17:14:18,324 [cuckoo.core.scheduler] DEBUG: Released database task #5291031
2024-10-14 17:14:31,700 [cuckoo.core.scheduler] INFO: Task #5291031: analysis procedure completed
