2024-10-14 13:58:16,015 [analyzer] DEBUG: Starting analyzer from: C:\tmpblqbwr
2024-10-14 13:58:16,015 [analyzer] DEBUG: Pipe server name: \??\PIPE\aAYZsnuWTyEboIBRwQRQkI
2024-10-14 13:58:16,015 [analyzer] DEBUG: Log pipe server name: \??\PIPE\RAPRxhJEazBaGBRivSRFAmavAhdvnwx
2024-10-14 13:58:16,328 [analyzer] DEBUG: Started auxiliary module Curtain
2024-10-14 13:58:16,328 [analyzer] DEBUG: Started auxiliary module DbgView
2024-10-14 13:58:16,921 [analyzer] DEBUG: Started auxiliary module Disguise
2024-10-14 13:58:17,140 [analyzer] DEBUG: Loaded monitor into process with pid 504
2024-10-14 13:58:17,140 [analyzer] DEBUG: Started auxiliary module DumpTLSMasterSecrets
2024-10-14 13:58:17,140 [analyzer] DEBUG: Started auxiliary module Human
2024-10-14 13:58:17,140 [analyzer] DEBUG: Started auxiliary module InstallCertificate
2024-10-14 13:58:17,140 [analyzer] DEBUG: Started auxiliary module Reboot
2024-10-14 13:58:17,203 [analyzer] DEBUG: Started auxiliary module RecentFiles
2024-10-14 13:58:17,203 [analyzer] DEBUG: Started auxiliary module Screenshots
2024-10-14 13:58:17,203 [analyzer] DEBUG: Started auxiliary module Sysmon
2024-10-14 13:58:17,203 [analyzer] DEBUG: Started auxiliary module LoadZer0m0n
2024-10-14 13:58:17,342 [lib.api.process] INFO: Successfully executed process from path u'C:\\Users\\ADMINI~1\\AppData\\Local\\Temp\\1d1a290668c7331317309eb7336e9df94e0b034a175bb8d477cb46b7dfaf26f6.exe' with arguments '' and pid 2720
2024-10-14 13:58:17,530 [analyzer] DEBUG: Loaded monitor into process with pid 2720
2024-10-14 16:16:56,417 [analyzer] INFO: Analysis timeout hit, terminating analysis.
2024-10-14 16:16:56,588 [lib.api.process] ERROR: Failed to dump memory of 32-bit process with pid 2720.
2024-10-14 16:16:58,619 [analyzer] INFO: Terminating remaining processes before shutdown.
2024-10-14 16:16:58,619 [lib.api.process] INFO: Successfully terminated process with pid 2720.
2024-10-14 16:16:58,619 [analyzer] INFO: Analysis completed.
