2024-10-14 17:09:00,166 [cuckoo.core.scheduler] INFO: Task #5291035: acquired machine win7x6418 (label=win7x6418)
2024-10-14 17:09:00,166 [cuckoo.core.resultserver] DEBUG: Now tracking machine 192.168.168.218 for task #5291035
2024-10-14 17:09:00,768 [cuckoo.auxiliary.sniffer] INFO: Started sniffer with PID 1950850 (interface=vboxnet0, host=192.168.168.218)
2024-10-14 17:09:01,326 [cuckoo.machinery.virtualbox] DEBUG: Starting vm win7x6418
2024-10-14 17:09:02,558 [cuckoo.machinery.virtualbox] DEBUG: Restoring virtual machine win7x6418 to vmcloak
2024-10-14 17:11:48,595 [cuckoo.core.guest] INFO: Starting analysis #5291035 on guest (id=win7x6418, ip=192.168.168.218)
2024-10-14 17:11:49,604 [cuckoo.core.guest] DEBUG: win7x6418: not ready yet
2024-10-14 17:11:54,676 [cuckoo.core.guest] INFO: Guest is running Cuckoo Agent 0.10 (id=win7x6418, ip=192.168.168.218)
2024-10-14 17:11:54,830 [cuckoo.core.guest] DEBUG: Uploading analyzer to guest (id=win7x6418, ip=192.168.168.218, monitor=latest, size=6660546)
2024-10-14 17:11:56,127 [cuckoo.core.resultserver] DEBUG: Task #5291035: live log analysis.log initialized.
2024-10-14 17:11:57,151 [cuckoo.core.resultserver] DEBUG: Task #5291035 is sending a BSON stream
2024-10-14 17:11:57,527 [cuckoo.core.resultserver] DEBUG: Task #5291035 is sending a BSON stream
2024-10-14 17:11:58,399 [cuckoo.core.resultserver] DEBUG: Task #5291035: File upload for 'shots/0001.jpg'
2024-10-14 17:11:58,412 [cuckoo.core.resultserver] DEBUG: Task #5291035 uploaded file length: 133496
2024-10-14 17:12:10,734 [cuckoo.core.guest] DEBUG: win7x6418: analysis #5291035 still processing
2024-10-14 17:12:26,564 [cuckoo.core.guest] DEBUG: win7x6418: analysis #5291035 still processing
2024-10-14 17:12:41,650 [cuckoo.core.guest] DEBUG: win7x6418: analysis #5291035 still processing
2024-10-14 17:12:56,963 [cuckoo.core.guest] DEBUG: win7x6418: analysis #5291035 still processing
2024-10-14 17:13:12,201 [cuckoo.core.guest] DEBUG: win7x6418: analysis #5291035 still processing
2024-10-14 17:13:27,782 [cuckoo.core.guest] DEBUG: win7x6418: analysis #5291035 still processing
2024-10-14 17:13:43,439 [cuckoo.core.guest] DEBUG: win7x6418: analysis #5291035 still processing
2024-10-14 17:13:59,060 [cuckoo.core.guest] DEBUG: win7x6418: analysis #5291035 still processing
2024-10-14 17:14:15,102 [cuckoo.core.guest] DEBUG: win7x6418: analysis #5291035 still processing
2024-10-14 17:14:30,788 [cuckoo.core.guest] DEBUG: win7x6418: analysis #5291035 still processing
2024-10-14 17:14:46,112 [cuckoo.core.guest] DEBUG: win7x6418: analysis #5291035 still processing
2024-10-14 17:15:01,563 [cuckoo.core.guest] DEBUG: win7x6418: analysis #5291035 still processing
2024-10-14 17:15:16,971 [cuckoo.core.guest] DEBUG: win7x6418: analysis #5291035 still processing
2024-10-14 17:15:32,284 [cuckoo.core.guest] DEBUG: win7x6418: analysis #5291035 still processing
2024-10-14 17:15:47,399 [cuckoo.core.guest] DEBUG: win7x6418: analysis #5291035 still processing
2024-10-14 17:16:02,899 [cuckoo.core.guest] DEBUG: win7x6418: analysis #5291035 still processing
2024-10-14 17:16:18,074 [cuckoo.core.guest] DEBUG: win7x6418: analysis #5291035 still processing
2024-10-14 17:16:33,238 [cuckoo.core.guest] DEBUG: win7x6418: analysis #5291035 still processing
2024-10-14 17:16:48,604 [cuckoo.core.guest] DEBUG: win7x6418: analysis #5291035 still processing
2024-10-14 17:16:56,746 [cuckoo.core.resultserver] DEBUG: Task #5291035: File upload for 'curtain/1728915416.74.curtain.log'
2024-10-14 17:16:56,749 [cuckoo.core.resultserver] DEBUG: Task #5291035 uploaded file length: 36
2024-10-14 17:16:58,426 [cuckoo.core.resultserver] DEBUG: Task #5291035: File upload for 'sysmon/1728915418.42.sysmon.xml'
2024-10-14 17:16:58,640 [cuckoo.core.resultserver] DEBUG: Task #5291035 uploaded file length: 25462394
2024-10-14 17:16:58,689 [cuckoo.core.resultserver] DEBUG: Task #5291035 had connection reset for <Context for LOG>
2024-10-14 17:17:01,320 [cuckoo.core.guest] INFO: win7x6418: analysis completed successfully
2024-10-14 17:17:01,344 [cuckoo.core.plugins] DEBUG: Stopped auxiliary module: Redsocks
2024-10-14 17:17:01,372 [cuckoo.core.plugins] DEBUG: Stopped auxiliary module: Sniffer
2024-10-14 17:17:02,862 [cuckoo.machinery.virtualbox] INFO: Successfully generated memory dump for virtual machine with label win7x6418 to path /srv/cuckoo/cwd/storage/analyses/5291035/memory.dmp
2024-10-14 17:17:02,869 [cuckoo.machinery.virtualbox] DEBUG: Stopping vm win7x6418
2024-10-14 17:18:11,183 [cuckoo.core.resultserver] DEBUG: Stopped tracking machine 192.168.168.218 for task #5291035
2024-10-14 17:18:16,234 [cuckoo.core.scheduler] DEBUG: Released database task #5291035
2024-10-14 17:18:16,288 [cuckoo.core.scheduler] INFO: Task #5291035: analysis procedure completed
