2024-10-14 13:58:16,015 [analyzer] DEBUG: Starting analyzer from: C:\tmpsftntc
2024-10-14 13:58:16,015 [analyzer] DEBUG: Pipe server name: \??\PIPE\RiVdkSzNKvMxusFPamJap
2024-10-14 13:58:16,015 [analyzer] DEBUG: Log pipe server name: \??\PIPE\MrhZUxFjUoxMQVobubjWtlLWYX
2024-10-14 13:58:16,280 [analyzer] DEBUG: Started auxiliary module Curtain
2024-10-14 13:58:16,280 [analyzer] DEBUG: Started auxiliary module DbgView
2024-10-14 13:58:16,890 [analyzer] DEBUG: Started auxiliary module Disguise
2024-10-14 13:58:17,092 [analyzer] DEBUG: Loaded monitor into process with pid 508
2024-10-14 13:58:17,108 [analyzer] DEBUG: Started auxiliary module DumpTLSMasterSecrets
2024-10-14 13:58:17,108 [analyzer] DEBUG: Started auxiliary module Human
2024-10-14 13:58:17,108 [analyzer] DEBUG: Started auxiliary module InstallCertificate
2024-10-14 13:58:17,108 [analyzer] DEBUG: Started auxiliary module Reboot
2024-10-14 13:58:17,155 [analyzer] DEBUG: Started auxiliary module RecentFiles
2024-10-14 13:58:17,171 [analyzer] DEBUG: Started auxiliary module Screenshots
2024-10-14 13:58:17,171 [analyzer] DEBUG: Started auxiliary module Sysmon
2024-10-14 13:58:17,171 [analyzer] DEBUG: Started auxiliary module LoadZer0m0n
2024-10-14 13:58:17,328 [lib.api.process] INFO: Successfully executed process from path u'C:\\Users\\ADMINI~1\\AppData\\Local\\Temp\\6ad0190caa69dc0d662088f86aab7ee3355e788b1196552dd7487f6052150d8e.exe' with arguments '' and pid 220
2024-10-14 13:58:17,530 [analyzer] DEBUG: Loaded monitor into process with pid 220
2024-10-14 16:17:45,681 [analyzer] INFO: Analysis timeout hit, terminating analysis.
2024-10-14 16:17:45,884 [lib.api.process] ERROR: Failed to dump memory of 32-bit process with pid 220.
2024-10-14 16:17:48,181 [analyzer] INFO: Terminating remaining processes before shutdown.
2024-10-14 16:17:48,181 [lib.api.process] INFO: Successfully terminated process with pid 220.
2024-10-14 16:17:48,181 [analyzer] INFO: Analysis completed.
